Determining if the pthread_create exist failed with the following output:
Change Dir: /home/bpn/agv_ws/build/CMakeFiles/CMakeTmp

Run Build Command:"/usr/bin/make" "cmTC_dc11e/fast"
/usr/bin/make -f CMakeFiles/cmTC_dc11e.dir/build.make CMakeFiles/cmTC_dc11e.dir/build
make[1]: Entering directory '/home/bpn/agv_ws/build/CMakeFiles/CMakeTmp'
Building C object CMakeFiles/cmTC_dc11e.dir/CheckSymbolExists.c.o
/usr/bin/cc     -o CMakeFiles/cmTC_dc11e.dir/CheckSymbolExists.c.o   -c /home/bpn/agv_ws/build/CMakeFiles/CMakeTmp/CheckSymbolExists.c
Linking C executable cmTC_dc11e
/usr/bin/cmake -E cmake_link_script CMakeFiles/cmTC_dc11e.dir/link.txt --verbose=1
/usr/bin/cc       CMakeFiles/cmTC_dc11e.dir/CheckSymbolExists.c.o  -o cmTC_dc11e -rdynamic 
CMakeFiles/cmTC_dc11e.dir/CheckSymbolExists.c.o: In function `main':
CheckSymbolExists.c:(.text+0x16): undefined reference to `pthread_create'
collect2: error: ld returned 1 exit status
CMakeFiles/cmTC_dc11e.dir/build.make:97: recipe for target 'cmTC_dc11e' failed
make[1]: *** [cmTC_dc11e] Error 1
make[1]: Leaving directory '/home/bpn/agv_ws/build/CMakeFiles/CMakeTmp'
Makefile:126: recipe for target 'cmTC_dc11e/fast' failed
make: *** [cmTC_dc11e/fast] Error 2

File /home/bpn/agv_ws/build/CMakeFiles/CMakeTmp/CheckSymbolExists.c:
/* */
#include <pthread.h>

int main(int argc, char** argv)
{
  (void)argv;
#ifndef pthread_create
  return ((int*)(&pthread_create))[argc];
#else
  (void)argc;
  return 0;
#endif
}

Determining if the function pthread_create exists in the pthreads failed with the following output:
Change Dir: /home/bpn/agv_ws/build/CMakeFiles/CMakeTmp

Run Build Command:"/usr/bin/make" "cmTC_a5982/fast"
/usr/bin/make -f CMakeFiles/cmTC_a5982.dir/build.make CMakeFiles/cmTC_a5982.dir/build
make[1]: Entering directory '/home/bpn/agv_ws/build/CMakeFiles/CMakeTmp'
Building C object CMakeFiles/cmTC_a5982.dir/CheckFunctionExists.c.o
/usr/bin/cc    -DCHECK_FUNCTION_EXISTS=pthread_create   -o CMakeFiles/cmTC_a5982.dir/CheckFunctionExists.c.o   -c /usr/share/cmake-3.5/Modules/CheckFunctionExists.c
Linking C executable cmTC_a5982
/usr/bin/cmake -E cmake_link_script CMakeFiles/cmTC_a5982.dir/link.txt --verbose=1
/usr/bin/cc   -DCHECK_FUNCTION_EXISTS=pthread_create    CMakeFiles/cmTC_a5982.dir/CheckFunctionExists.c.o  -o cmTC_a5982 -rdynamic -lpthreads 
/usr/bin/ld: cannot find -lpthreads
collect2: error: ld returned 1 exit status
CMakeFiles/cmTC_a5982.dir/build.make:97: recipe for target 'cmTC_a5982' failed
make[1]: *** [cmTC_a5982] Error 1
make[1]: Leaving directory '/home/bpn/agv_ws/build/CMakeFiles/CMakeTmp'
Makefile:126: recipe for target 'cmTC_a5982/fast' failed
make: *** [cmTC_a5982/fast] Error 2


Determining if the include file pgm.h exists failed with the following output:
Change Dir: /home/bpn/agv_ws/build/CMakeFiles/CMakeTmp

Run Build Command:"/usr/bin/make" "cmTC_25721/fast"
make[1]: Entering directory '/home/bpn/agv_ws/build/CMakeFiles/CMakeTmp'
/usr/bin/make -f CMakeFiles/cmTC_25721.dir/build.make CMakeFiles/cmTC_25721.dir/build
make[2]: Entering directory '/home/bpn/agv_ws/build/CMakeFiles/CMakeTmp'
Building CXX object CMakeFiles/cmTC_25721.dir/CheckIncludeFile.cxx.o
/usr/bin/c++      -o CMakeFiles/cmTC_25721.dir/CheckIncludeFile.cxx.o -c /home/bpn/agv_ws/build/CMakeFiles/CMakeTmp/CheckIncludeFile.cxx
/home/bpn/agv_ws/build/CMakeFiles/CMakeTmp/CheckIncludeFile.cxx:1:17: fatal error: pgm.h: No such file or directory
compilation terminated.
CMakeFiles/cmTC_25721.dir/build.make:65: recipe for target 'CMakeFiles/cmTC_25721.dir/CheckIncludeFile.cxx.o' failed
make[2]: *** [CMakeFiles/cmTC_25721.dir/CheckIncludeFile.cxx.o] Error 1
make[2]: Leaving directory '/home/bpn/agv_ws/build/CMakeFiles/CMakeTmp'
Makefile:126: recipe for target 'cmTC_25721/fast' failed
make[1]: *** [cmTC_25721/fast] Error 2
make[1]: Leaving directory '/home/bpn/agv_ws/build/CMakeFiles/CMakeTmp'


Determining if the Q_WS_WIN exist failed with the following output:
Change Dir: /home/bpn/agv_ws/build/CMakeFiles/CMakeTmp

Run Build Command:"/usr/bin/make" "cmTC_e413b/fast"
/usr/bin/make -f CMakeFiles/cmTC_e413b.dir/build.make CMakeFiles/cmTC_e413b.dir/build
make[1]: Entering directory '/home/bpn/agv_ws/build/CMakeFiles/CMakeTmp'
Building CXX object CMakeFiles/cmTC_e413b.dir/CheckSymbolExists.cxx.o
/usr/bin/c++    -I/usr/include/qt4   -o CMakeFiles/cmTC_e413b.dir/CheckSymbolExists.cxx.o -c /home/bpn/agv_ws/build/CMakeFiles/CMakeTmp/CheckSymbolExists.cxx
/home/bpn/agv_ws/build/CMakeFiles/CMakeTmp/CheckSymbolExists.cxx: In function ‘int main(int, char**)’:
/home/bpn/agv_ws/build/CMakeFiles/CMakeTmp/CheckSymbolExists.cxx:8:19: error: ‘Q_WS_WIN’ was not declared in this scope
   return ((int*)(&Q_WS_WIN))[argc];
                   ^
CMakeFiles/cmTC_e413b.dir/build.make:65: recipe for target 'CMakeFiles/cmTC_e413b.dir/CheckSymbolExists.cxx.o' failed
make[1]: *** [CMakeFiles/cmTC_e413b.dir/CheckSymbolExists.cxx.o] Error 1
make[1]: Leaving directory '/home/bpn/agv_ws/build/CMakeFiles/CMakeTmp'
Makefile:126: recipe for target 'cmTC_e413b/fast' failed
make: *** [cmTC_e413b/fast] Error 2

File /home/bpn/agv_ws/build/CMakeFiles/CMakeTmp/CheckSymbolExists.cxx:
/* */
#include <QtCore/qglobal.h>

int main(int argc, char** argv)
{
  (void)argv;
#ifndef Q_WS_WIN
  return ((int*)(&Q_WS_WIN))[argc];
#else
  (void)argc;
  return 0;
#endif
}

Determining if the Q_WS_QWS exist failed with the following output:
Change Dir: /home/bpn/agv_ws/build/CMakeFiles/CMakeTmp

Run Build Command:"/usr/bin/make" "cmTC_0dc15/fast"
/usr/bin/make -f CMakeFiles/cmTC_0dc15.dir/build.make CMakeFiles/cmTC_0dc15.dir/build
make[1]: Entering directory '/home/bpn/agv_ws/build/CMakeFiles/CMakeTmp'
Building CXX object CMakeFiles/cmTC_0dc15.dir/CheckSymbolExists.cxx.o
/usr/bin/c++    -I/usr/include/qt4   -o CMakeFiles/cmTC_0dc15.dir/CheckSymbolExists.cxx.o -c /home/bpn/agv_ws/build/CMakeFiles/CMakeTmp/CheckSymbolExists.cxx
/home/bpn/agv_ws/build/CMakeFiles/CMakeTmp/CheckSymbolExists.cxx: In function ‘int main(int, char**)’:
/home/bpn/agv_ws/build/CMakeFiles/CMakeTmp/CheckSymbolExists.cxx:8:19: error: ‘Q_WS_QWS’ was not declared in this scope
   return ((int*)(&Q_WS_QWS))[argc];
                   ^
CMakeFiles/cmTC_0dc15.dir/build.make:65: recipe for target 'CMakeFiles/cmTC_0dc15.dir/CheckSymbolExists.cxx.o' failed
make[1]: *** [CMakeFiles/cmTC_0dc15.dir/CheckSymbolExists.cxx.o] Error 1
make[1]: Leaving directory '/home/bpn/agv_ws/build/CMakeFiles/CMakeTmp'
Makefile:126: recipe for target 'cmTC_0dc15/fast' failed
make: *** [cmTC_0dc15/fast] Error 2

File /home/bpn/agv_ws/build/CMakeFiles/CMakeTmp/CheckSymbolExists.cxx:
/* */
#include <QtCore/qglobal.h>

int main(int argc, char** argv)
{
  (void)argv;
#ifndef Q_WS_QWS
  return ((int*)(&Q_WS_QWS))[argc];
#else
  (void)argc;
  return 0;
#endif
}

Determining if the Q_WS_MAC exist failed with the following output:
Change Dir: /home/bpn/agv_ws/build/CMakeFiles/CMakeTmp

Run Build Command:"/usr/bin/make" "cmTC_3625b/fast"
/usr/bin/make -f CMakeFiles/cmTC_3625b.dir/build.make CMakeFiles/cmTC_3625b.dir/build
make[1]: Entering directory '/home/bpn/agv_ws/build/CMakeFiles/CMakeTmp'
Building CXX object CMakeFiles/cmTC_3625b.dir/CheckSymbolExists.cxx.o
/usr/bin/c++    -I/usr/include/qt4   -o CMakeFiles/cmTC_3625b.dir/CheckSymbolExists.cxx.o -c /home/bpn/agv_ws/build/CMakeFiles/CMakeTmp/CheckSymbolExists.cxx
/home/bpn/agv_ws/build/CMakeFiles/CMakeTmp/CheckSymbolExists.cxx: In function ‘int main(int, char**)’:
/home/bpn/agv_ws/build/CMakeFiles/CMakeTmp/CheckSymbolExists.cxx:8:19: error: ‘Q_WS_MAC’ was not declared in this scope
   return ((int*)(&Q_WS_MAC))[argc];
                   ^
CMakeFiles/cmTC_3625b.dir/build.make:65: recipe for target 'CMakeFiles/cmTC_3625b.dir/CheckSymbolExists.cxx.o' failed
make[1]: *** [CMakeFiles/cmTC_3625b.dir/CheckSymbolExists.cxx.o] Error 1
make[1]: Leaving directory '/home/bpn/agv_ws/build/CMakeFiles/CMakeTmp'
Makefile:126: recipe for target 'cmTC_3625b/fast' failed
make: *** [cmTC_3625b/fast] Error 2

File /home/bpn/agv_ws/build/CMakeFiles/CMakeTmp/CheckSymbolExists.cxx:
/* */
#include <QtCore/qglobal.h>

int main(int argc, char** argv)
{
  (void)argv;
#ifndef Q_WS_MAC
  return ((int*)(&Q_WS_MAC))[argc];
#else
  (void)argc;
  return 0;
#endif
}

